<?xml version="1.0" encoding="UTF-8"?>
<testsuite xmlns:xsi="http://www.w3.org/2001/XMLSchema-instance" xsi:noNamespaceSchemaLocation="https://maven.apache.org/surefire/maven-surefire-plugin/xsd/surefire-test-report-3.0.xsd" version="3.0" name="TestSuite" time="108.388" tests="3" errors="0" skipped="0" failures="1">
  <properties>
    <property name="sun.desktop" value="windows"/>
    <property name="awt.toolkit" value="sun.awt.windows.WToolkit"/>
    <property name="java.specification.version" value="1.8"/>
    <property name="file.encoding.pkg" value="sun.io"/>
    <property name="webdriver.chrome.driver" value="C:\Work\Automation\TMS\TMS/src/test/resources/drivers/chromedriver91.exe"/>
    <property name="sun.cpu.isalist" value="amd64"/>
    <property name="sun.jnu.encoding" value="Cp1252"/>
    <property name="java.class.path" value="C:\Work\Automation\TMS\TMS\target\test-classes;C:\Work\Automation\TMS\TMS\target\classes;C:\Users\PC\.m2\repository\io\cucumber\cucumber-java\1.2.6\cucumber-java-1.2.6.jar;C:\Users\PC\.m2\repository\io\cucumber\cucumber-core\1.2.6\cucumber-core-1.2.6.jar;C:\Users\PC\.m2\repository\info\cukes\cucumber-html\0.2.3\cucumber-html-0.2.3.jar;C:\Users\PC\.m2\repository\info\cukes\cucumber-jvm-deps\1.0.5\cucumber-jvm-deps-1.0.5.jar;C:\Users\PC\.m2\repository\info\cukes\gherkin\2.12.2\gherkin-2.12.2.jar;C:\Users\PC\.m2\repository\io\cucumber\cucumber-testng\1.2.6\cucumber-testng-1.2.6.jar;C:\Users\PC\.m2\repository\org\testng\testng\6.9.10\testng-6.9.10.jar;C:\Users\PC\.m2\repository\com\beust\jcommander\1.48\jcommander-1.48.jar;C:\Users\PC\.m2\repository\org\beanshell\bsh\2.0b4\bsh-2.0b4.jar;C:\Users\PC\.m2\repository\io\cucumber\gherkin\19.0.3\gherkin-19.0.3.jar;C:\Users\PC\.m2\repository\io\cucumber\messages\16.0.1\messages-16.0.1.jar;C:\Users\PC\.m2\repository\org\seleniumhq\selenium\selenium-java\3.141.5\selenium-java-3.141.5.jar;C:\Users\PC\.m2\repository\org\seleniumhq\selenium\selenium-api\3.141.5\selenium-api-3.141.5.jar;C:\Users\PC\.m2\repository\org\seleniumhq\selenium\selenium-chrome-driver\3.141.5\selenium-chrome-driver-3.141.5.jar;C:\Users\PC\.m2\repository\org\seleniumhq\selenium\selenium-edge-driver\3.141.5\selenium-edge-driver-3.141.5.jar;C:\Users\PC\.m2\repository\org\seleniumhq\selenium\selenium-firefox-driver\3.141.5\selenium-firefox-driver-3.141.5.jar;C:\Users\PC\.m2\repository\org\seleniumhq\selenium\selenium-ie-driver\3.141.5\selenium-ie-driver-3.141.5.jar;C:\Users\PC\.m2\repository\org\seleniumhq\selenium\selenium-opera-driver\3.141.5\selenium-opera-driver-3.141.5.jar;C:\Users\PC\.m2\repository\org\seleniumhq\selenium\selenium-remote-driver\3.141.5\selenium-remote-driver-3.141.5.jar;C:\Users\PC\.m2\repository\org\seleniumhq\selenium\selenium-safari-driver\3.141.5\selenium-safari-driver-3.141.5.jar;C:\Users\PC\.m2\repository\org\seleniumhq\selenium\selenium-support\3.141.5\selenium-support-3.141.5.jar;C:\Users\PC\.m2\repository\net\bytebuddy\byte-buddy\1.8.15\byte-buddy-1.8.15.jar;C:\Users\PC\.m2\repository\org\apache\commons\commons-exec\1.3\commons-exec-1.3.jar;C:\Users\PC\.m2\repository\com\google\guava\guava\25.0-jre\guava-25.0-jre.jar;C:\Users\PC\.m2\repository\com\google\code\findbugs\jsr305\1.3.9\jsr305-1.3.9.jar;C:\Users\PC\.m2\repository\org\checkerframework\checker-compat-qual\2.0.0\checker-compat-qual-2.0.0.jar;C:\Users\PC\.m2\repository\com\google\errorprone\error_prone_annotations\2.1.3\error_prone_annotations-2.1.3.jar;C:\Users\PC\.m2\repository\com\google\j2objc\j2objc-annotations\1.1\j2objc-annotations-1.1.jar;C:\Users\PC\.m2\repository\org\codehaus\mojo\animal-sniffer-annotations\1.14\animal-sniffer-annotations-1.14.jar;C:\Users\PC\.m2\repository\com\squareup\okhttp3\okhttp\3.11.0\okhttp-3.11.0.jar;C:\Users\PC\.m2\repository\com\squareup\okio\okio\1.14.0\okio-1.14.0.jar;C:\Users\PC\.m2\repository\log4j\log4j\1.2.17\log4j-1.2.17.jar;C:\Users\PC\.m2\repository\com\sikulix\sikulixapi\2.0.5\sikulixapi-2.0.5.jar;C:\Users\PC\.m2\repository\org\python\jython-slim\2.7.2\jython-slim-2.7.2.jar;C:\Users\PC\.m2\repository\org\antlr\antlr\3.5.2\antlr-3.5.2.jar;C:\Users\PC\.m2\repository\org\antlr\ST4\4.0.8\ST4-4.0.8.jar;C:\Users\PC\.m2\repository\javax\servlet\javax.servlet-api\3.1.0\javax.servlet-api-3.1.0.jar;C:\Users\PC\.m2\repository\org\antlr\antlr-runtime\3.5.2\antlr-runtime-3.5.2.jar;C:\Users\PC\.m2\repository\org\apache\commons\commons-compress\1.19\commons-compress-1.19.jar;C:\Users\PC\.m2\repository\org\bouncycastle\bcpkix-jdk15on\1.62\bcpkix-jdk15on-1.62.jar;C:\Users\PC\.m2\repository\org\bouncycastle\bcprov-jdk15on\1.62\bcprov-jdk15on-1.62.jar;C:\Users\PC\.m2\repository\org\ow2\asm\asm\7.1\asm-7.1.jar;C:\Users\PC\.m2\repository\org\ow2\asm\asm-commons\7.1\asm-commons-7.1.jar;C:\Users\PC\.m2\repository\org\ow2\asm\asm-tree\7.1\asm-tree-7.1.jar;C:\Users\PC\.m2\repository\org\ow2\asm\asm-analysis\7.1\asm-analysis-7.1.jar;C:\Users\PC\.m2\repository\org\ow2\asm\asm-util\7.1\asm-util-7.1.jar;C:\Users\PC\.m2\repository\com\google\guava\failureaccess\1.0.1\failureaccess-1.0.1.jar;C:\Users\PC\.m2\repository\com\ibm\icu\icu4j\59.1\icu4j-59.1.jar;C:\Users\PC\.m2\repository\com\carrotsearch\java-sizeof\0.0.5\java-sizeof-0.0.5.jar;C:\Users\PC\.m2\repository\com\github\jnr\jffi\1.2.20\jffi-1.2.20.jar;C:\Users\PC\.m2\repository\com\github\jnr\jnr-netdb\1.1.6\jnr-netdb-1.1.6.jar;C:\Users\PC\.m2\repository\com\github\jnr\jnr-ffi\2.1.10\jnr-ffi-2.1.10.jar;C:\Users\PC\.m2\repository\com\github\jnr\jffi\1.2.19\jffi-1.2.19-native.jar;C:\Users\PC\.m2\repository\com\github\jnr\jnr-a64asm\1.0.0\jnr-a64asm-1.0.0.jar;C:\Users\PC\.m2\repository\com\github\jnr\jnr-x86asm\1.0.2\jnr-x86asm-1.0.2.jar;C:\Users\PC\.m2\repository\com\github\jnr\jnr-posix\3.0.50\jnr-posix-3.0.50.jar;C:\Users\PC\.m2\repository\com\github\jnr\jnr-constants\0.9.12\jnr-constants-0.9.12.jar;C:\Users\PC\.m2\repository\jline\jline\2.14.5\jline-2.14.5.jar;C:\Users\PC\.m2\repository\io\netty\netty-buffer\4.1.45.Final\netty-buffer-4.1.45.Final.jar;C:\Users\PC\.m2\repository\io\netty\netty-codec\4.1.45.Final\netty-codec-4.1.45.Final.jar;C:\Users\PC\.m2\repository\io\netty\netty-common\4.1.45.Final\netty-common-4.1.45.Final.jar;C:\Users\PC\.m2\repository\io\netty\netty-handler\4.1.45.Final\netty-handler-4.1.45.Final.jar;C:\Users\PC\.m2\repository\io\netty\netty-resolver\4.1.45.Final\netty-resolver-4.1.45.Final.jar;C:\Users\PC\.m2\repository\io\netty\netty-transport\4.1.45.Final\netty-transport-4.1.45.Final.jar;C:\Users\PC\.m2\repository\org\apache\ant\ant\1.9.7\ant-1.9.7.jar;C:\Users\PC\.m2\repository\org\apache\ant\ant-launcher\1.9.7\ant-launcher-1.9.7.jar;C:\Users\PC\.m2\repository\com\sikulix\sikulix2tigervnc\1.1.4\sikulix2tigervnc-1.1.4.jar;C:\Users\PC\.m2\repository\org\openpnp\opencv\4.3.0-3\opencv-4.3.0-3.jar;C:\Users\PC\.m2\repository\commons-cli\commons-cli\1.4\commons-cli-1.4.jar;C:\Users\PC\.m2\repository\net\java\dev\jna\jna-platform\5.6.0\jna-platform-5.6.0.jar;C:\Users\PC\.m2\repository\net\java\dev\jna\jna\5.6.0\jna-5.6.0.jar;C:\Users\PC\.m2\repository\net\oneandone\reflections8\reflections8\0.11.6\reflections8-0.11.6.jar;C:\Users\PC\.m2\repository\org\javassist\javassist\3.22.0-GA\javassist-3.22.0-GA.jar;C:\Users\PC\.m2\repository\net\sourceforge\tess4j\tess4j\4.5.4\tess4j-4.5.4.jar;C:\Users\PC\.m2\repository\com\github\jai-imageio\jai-imageio-core\1.4.0\jai-imageio-core-1.4.0.jar;C:\Users\PC\.m2\repository\org\ghost4j\ghost4j\1.0.1\ghost4j-1.0.1.jar;C:\Users\PC\.m2\repository\commons-beanutils\commons-beanutils\1.9.2\commons-beanutils-1.9.2.jar;C:\Users\PC\.m2\repository\commons-collections\commons-collections\3.2.1\commons-collections-3.2.1.jar;C:\Users\PC\.m2\repository\org\apache\xmlgraphics\xmlgraphics-commons\1.4\xmlgraphics-commons-1.4.jar;C:\Users\PC\.m2\repository\com\lowagie\itext\2.1.7\itext-2.1.7.jar;C:\Users\PC\.m2\repository\org\apache\pdfbox\pdfbox\2.0.21\pdfbox-2.0.21.jar;C:\Users\PC\.m2\repository\org\apache\pdfbox\fontbox\2.0.21\fontbox-2.0.21.jar;C:\Users\PC\.m2\repository\commons-logging\commons-logging\1.2\commons-logging-1.2.jar;C:\Users\PC\.m2\repository\org\apache\pdfbox\pdfbox-tools\2.0.21\pdfbox-tools-2.0.21.jar;C:\Users\PC\.m2\repository\org\apache\pdfbox\pdfbox-debugger\2.0.21\pdfbox-debugger-2.0.21.jar;C:\Users\PC\.m2\repository\org\apache\pdfbox\jbig2-imageio\3.0.3\jbig2-imageio-3.0.3.jar;C:\Users\PC\.m2\repository\commons-io\commons-io\2.8.0\commons-io-2.8.0.jar;C:\Users\PC\.m2\repository\net\sourceforge\lept4j\lept4j\1.13.2\lept4j-1.13.2.jar;C:\Users\PC\.m2\repository\org\jboss\jboss-vfs\3.2.15.Final\jboss-vfs-3.2.15.Final.jar;C:\Users\PC\.m2\repository\org\jboss\logging\jboss-logging\3.1.4.GA\jboss-logging-3.1.4.GA.jar;C:\Users\PC\.m2\repository\org\slf4j\slf4j-api\1.7.30\slf4j-api-1.7.30.jar;C:\Users\PC\.m2\repository\org\slf4j\slf4j-nop\1.7.28\slf4j-nop-1.7.28.jar;C:\Users\PC\.m2\repository\net\sf\py4j\py4j\0.10.9.1\py4j-0.10.9.1.jar;"/>
    <property name="sun.awt.enableExtraMouseButtons" value="true"/>
    <property name="java.vm.vendor" value="Oracle Corporation"/>
    <property name="sun.arch.data.model" value="64"/>
    <property name="user.variant" value=""/>
    <property name="java.vendor.url" value="http://java.oracle.com/"/>
    <property name="user.timezone" value="Asia/Bangkok"/>
    <property name="java.vm.specification.version" value="1.8"/>
    <property name="os.name" value="Windows 10"/>
    <property name="user.country" value="US"/>
    <property name="sun.java.launcher" value="SUN_STANDARD"/>
    <property name="sun.boot.library.path" value="C:\Program Files\Java\jdk1.8.0_241\jre\bin"/>
    <property name="sun.java.command" value="C:\Users\PC\AppData\Local\Temp\surefire8818469008246489645\surefirebooter5871261427507321999.jar C:\Users\PC\AppData\Local\Temp\surefire8818469008246489645 2021-08-29T12-43-12_954-jvmRun1 surefire5996269063395690973tmp surefire_06300120562121316894tmp"/>
    <property name="surefire.test.class.path" value="C:\Work\Automation\TMS\TMS\target\test-classes;C:\Work\Automation\TMS\TMS\target\classes;C:\Users\PC\.m2\repository\io\cucumber\cucumber-java\1.2.6\cucumber-java-1.2.6.jar;C:\Users\PC\.m2\repository\io\cucumber\cucumber-core\1.2.6\cucumber-core-1.2.6.jar;C:\Users\PC\.m2\repository\info\cukes\cucumber-html\0.2.3\cucumber-html-0.2.3.jar;C:\Users\PC\.m2\repository\info\cukes\cucumber-jvm-deps\1.0.5\cucumber-jvm-deps-1.0.5.jar;C:\Users\PC\.m2\repository\info\cukes\gherkin\2.12.2\gherkin-2.12.2.jar;C:\Users\PC\.m2\repository\io\cucumber\cucumber-testng\1.2.6\cucumber-testng-1.2.6.jar;C:\Users\PC\.m2\repository\org\testng\testng\6.9.10\testng-6.9.10.jar;C:\Users\PC\.m2\repository\com\beust\jcommander\1.48\jcommander-1.48.jar;C:\Users\PC\.m2\repository\org\beanshell\bsh\2.0b4\bsh-2.0b4.jar;C:\Users\PC\.m2\repository\io\cucumber\gherkin\19.0.3\gherkin-19.0.3.jar;C:\Users\PC\.m2\repository\io\cucumber\messages\16.0.1\messages-16.0.1.jar;C:\Users\PC\.m2\repository\org\seleniumhq\selenium\selenium-java\3.141.5\selenium-java-3.141.5.jar;C:\Users\PC\.m2\repository\org\seleniumhq\selenium\selenium-api\3.141.5\selenium-api-3.141.5.jar;C:\Users\PC\.m2\repository\org\seleniumhq\selenium\selenium-chrome-driver\3.141.5\selenium-chrome-driver-3.141.5.jar;C:\Users\PC\.m2\repository\org\seleniumhq\selenium\selenium-edge-driver\3.141.5\selenium-edge-driver-3.141.5.jar;C:\Users\PC\.m2\repository\org\seleniumhq\selenium\selenium-firefox-driver\3.141.5\selenium-firefox-driver-3.141.5.jar;C:\Users\PC\.m2\repository\org\seleniumhq\selenium\selenium-ie-driver\3.141.5\selenium-ie-driver-3.141.5.jar;C:\Users\PC\.m2\repository\org\seleniumhq\selenium\selenium-opera-driver\3.141.5\selenium-opera-driver-3.141.5.jar;C:\Users\PC\.m2\repository\org\seleniumhq\selenium\selenium-remote-driver\3.141.5\selenium-remote-driver-3.141.5.jar;C:\Users\PC\.m2\repository\org\seleniumhq\selenium\selenium-safari-driver\3.141.5\selenium-safari-driver-3.141.5.jar;C:\Users\PC\.m2\repository\org\seleniumhq\selenium\selenium-support\3.141.5\selenium-support-3.141.5.jar;C:\Users\PC\.m2\repository\net\bytebuddy\byte-buddy\1.8.15\byte-buddy-1.8.15.jar;C:\Users\PC\.m2\repository\org\apache\commons\commons-exec\1.3\commons-exec-1.3.jar;C:\Users\PC\.m2\repository\com\google\guava\guava\25.0-jre\guava-25.0-jre.jar;C:\Users\PC\.m2\repository\com\google\code\findbugs\jsr305\1.3.9\jsr305-1.3.9.jar;C:\Users\PC\.m2\repository\org\checkerframework\checker-compat-qual\2.0.0\checker-compat-qual-2.0.0.jar;C:\Users\PC\.m2\repository\com\google\errorprone\error_prone_annotations\2.1.3\error_prone_annotations-2.1.3.jar;C:\Users\PC\.m2\repository\com\google\j2objc\j2objc-annotations\1.1\j2objc-annotations-1.1.jar;C:\Users\PC\.m2\repository\org\codehaus\mojo\animal-sniffer-annotations\1.14\animal-sniffer-annotations-1.14.jar;C:\Users\PC\.m2\repository\com\squareup\okhttp3\okhttp\3.11.0\okhttp-3.11.0.jar;C:\Users\PC\.m2\repository\com\squareup\okio\okio\1.14.0\okio-1.14.0.jar;C:\Users\PC\.m2\repository\log4j\log4j\1.2.17\log4j-1.2.17.jar;C:\Users\PC\.m2\repository\com\sikulix\sikulixapi\2.0.5\sikulixapi-2.0.5.jar;C:\Users\PC\.m2\repository\org\python\jython-slim\2.7.2\jython-slim-2.7.2.jar;C:\Users\PC\.m2\repository\org\antlr\antlr\3.5.2\antlr-3.5.2.jar;C:\Users\PC\.m2\repository\org\antlr\ST4\4.0.8\ST4-4.0.8.jar;C:\Users\PC\.m2\repository\javax\servlet\javax.servlet-api\3.1.0\javax.servlet-api-3.1.0.jar;C:\Users\PC\.m2\repository\org\antlr\antlr-runtime\3.5.2\antlr-runtime-3.5.2.jar;C:\Users\PC\.m2\repository\org\apache\commons\commons-compress\1.19\commons-compress-1.19.jar;C:\Users\PC\.m2\repository\org\bouncycastle\bcpkix-jdk15on\1.62\bcpkix-jdk15on-1.62.jar;C:\Users\PC\.m2\repository\org\bouncycastle\bcprov-jdk15on\1.62\bcprov-jdk15on-1.62.jar;C:\Users\PC\.m2\repository\org\ow2\asm\asm\7.1\asm-7.1.jar;C:\Users\PC\.m2\repository\org\ow2\asm\asm-commons\7.1\asm-commons-7.1.jar;C:\Users\PC\.m2\repository\org\ow2\asm\asm-tree\7.1\asm-tree-7.1.jar;C:\Users\PC\.m2\repository\org\ow2\asm\asm-analysis\7.1\asm-analysis-7.1.jar;C:\Users\PC\.m2\repository\org\ow2\asm\asm-util\7.1\asm-util-7.1.jar;C:\Users\PC\.m2\repository\com\google\guava\failureaccess\1.0.1\failureaccess-1.0.1.jar;C:\Users\PC\.m2\repository\com\ibm\icu\icu4j\59.1\icu4j-59.1.jar;C:\Users\PC\.m2\repository\com\carrotsearch\java-sizeof\0.0.5\java-sizeof-0.0.5.jar;C:\Users\PC\.m2\repository\com\github\jnr\jffi\1.2.20\jffi-1.2.20.jar;C:\Users\PC\.m2\repository\com\github\jnr\jnr-netdb\1.1.6\jnr-netdb-1.1.6.jar;C:\Users\PC\.m2\repository\com\github\jnr\jnr-ffi\2.1.10\jnr-ffi-2.1.10.jar;C:\Users\PC\.m2\repository\com\github\jnr\jffi\1.2.19\jffi-1.2.19-native.jar;C:\Users\PC\.m2\repository\com\github\jnr\jnr-a64asm\1.0.0\jnr-a64asm-1.0.0.jar;C:\Users\PC\.m2\repository\com\github\jnr\jnr-x86asm\1.0.2\jnr-x86asm-1.0.2.jar;C:\Users\PC\.m2\repository\com\github\jnr\jnr-posix\3.0.50\jnr-posix-3.0.50.jar;C:\Users\PC\.m2\repository\com\github\jnr\jnr-constants\0.9.12\jnr-constants-0.9.12.jar;C:\Users\PC\.m2\repository\jline\jline\2.14.5\jline-2.14.5.jar;C:\Users\PC\.m2\repository\io\netty\netty-buffer\4.1.45.Final\netty-buffer-4.1.45.Final.jar;C:\Users\PC\.m2\repository\io\netty\netty-codec\4.1.45.Final\netty-codec-4.1.45.Final.jar;C:\Users\PC\.m2\repository\io\netty\netty-common\4.1.45.Final\netty-common-4.1.45.Final.jar;C:\Users\PC\.m2\repository\io\netty\netty-handler\4.1.45.Final\netty-handler-4.1.45.Final.jar;C:\Users\PC\.m2\repository\io\netty\netty-resolver\4.1.45.Final\netty-resolver-4.1.45.Final.jar;C:\Users\PC\.m2\repository\io\netty\netty-transport\4.1.45.Final\netty-transport-4.1.45.Final.jar;C:\Users\PC\.m2\repository\org\apache\ant\ant\1.9.7\ant-1.9.7.jar;C:\Users\PC\.m2\repository\org\apache\ant\ant-launcher\1.9.7\ant-launcher-1.9.7.jar;C:\Users\PC\.m2\repository\com\sikulix\sikulix2tigervnc\1.1.4\sikulix2tigervnc-1.1.4.jar;C:\Users\PC\.m2\repository\org\openpnp\opencv\4.3.0-3\opencv-4.3.0-3.jar;C:\Users\PC\.m2\repository\commons-cli\commons-cli\1.4\commons-cli-1.4.jar;C:\Users\PC\.m2\repository\net\java\dev\jna\jna-platform\5.6.0\jna-platform-5.6.0.jar;C:\Users\PC\.m2\repository\net\java\dev\jna\jna\5.6.0\jna-5.6.0.jar;C:\Users\PC\.m2\repository\net\oneandone\reflections8\reflections8\0.11.6\reflections8-0.11.6.jar;C:\Users\PC\.m2\repository\org\javassist\javassist\3.22.0-GA\javassist-3.22.0-GA.jar;C:\Users\PC\.m2\repository\net\sourceforge\tess4j\tess4j\4.5.4\tess4j-4.5.4.jar;C:\Users\PC\.m2\repository\com\github\jai-imageio\jai-imageio-core\1.4.0\jai-imageio-core-1.4.0.jar;C:\Users\PC\.m2\repository\org\ghost4j\ghost4j\1.0.1\ghost4j-1.0.1.jar;C:\Users\PC\.m2\repository\commons-beanutils\commons-beanutils\1.9.2\commons-beanutils-1.9.2.jar;C:\Users\PC\.m2\repository\commons-collections\commons-collections\3.2.1\commons-collections-3.2.1.jar;C:\Users\PC\.m2\repository\org\apache\xmlgraphics\xmlgraphics-commons\1.4\xmlgraphics-commons-1.4.jar;C:\Users\PC\.m2\repository\com\lowagie\itext\2.1.7\itext-2.1.7.jar;C:\Users\PC\.m2\repository\org\apache\pdfbox\pdfbox\2.0.21\pdfbox-2.0.21.jar;C:\Users\PC\.m2\repository\org\apache\pdfbox\fontbox\2.0.21\fontbox-2.0.21.jar;C:\Users\PC\.m2\repository\commons-logging\commons-logging\1.2\commons-logging-1.2.jar;C:\Users\PC\.m2\repository\org\apache\pdfbox\pdfbox-tools\2.0.21\pdfbox-tools-2.0.21.jar;C:\Users\PC\.m2\repository\org\apache\pdfbox\pdfbox-debugger\2.0.21\pdfbox-debugger-2.0.21.jar;C:\Users\PC\.m2\repository\org\apache\pdfbox\jbig2-imageio\3.0.3\jbig2-imageio-3.0.3.jar;C:\Users\PC\.m2\repository\commons-io\commons-io\2.8.0\commons-io-2.8.0.jar;C:\Users\PC\.m2\repository\net\sourceforge\lept4j\lept4j\1.13.2\lept4j-1.13.2.jar;C:\Users\PC\.m2\repository\org\jboss\jboss-vfs\3.2.15.Final\jboss-vfs-3.2.15.Final.jar;C:\Users\PC\.m2\repository\org\jboss\logging\jboss-logging\3.1.4.GA\jboss-logging-3.1.4.GA.jar;C:\Users\PC\.m2\repository\org\slf4j\slf4j-api\1.7.30\slf4j-api-1.7.30.jar;C:\Users\PC\.m2\repository\org\slf4j\slf4j-nop\1.7.28\slf4j-nop-1.7.28.jar;C:\Users\PC\.m2\repository\net\sf\py4j\py4j\0.10.9.1\py4j-0.10.9.1.jar;"/>
    <property name="sun.cpu.endian" value="little"/>
    <property name="user.home" value="C:\Users\PC"/>
    <property name="user.language" value="en"/>
    <property name="java.specification.vendor" value="Oracle Corporation"/>
    <property name="java.home" value="C:\Program Files\Java\jdk1.8.0_241\jre"/>
    <property name="basedir" value="C:\Work\Automation\TMS\TMS"/>
    <property name="file.separator" value="\"/>
    <property name="line.separator" value="&#10;"/>
    <property name="java.vm.specification.vendor" value="Oracle Corporation"/>
    <property name="java.specification.name" value="Java Platform API Specification"/>
    <property name="java.awt.graphicsenv" value="sun.awt.Win32GraphicsEnvironment"/>
    <property name="surefire.real.class.path" value="C:\Users\PC\AppData\Local\Temp\surefire8818469008246489645\surefirebooter5871261427507321999.jar"/>
    <property name="sun.boot.class.path" value="C:\Program Files\Java\jdk1.8.0_241\jre\lib\resources.jar;C:\Program Files\Java\jdk1.8.0_241\jre\lib\rt.jar;C:\Program Files\Java\jdk1.8.0_241\jre\lib\sunrsasign.jar;C:\Program Files\Java\jdk1.8.0_241\jre\lib\jsse.jar;C:\Program Files\Java\jdk1.8.0_241\jre\lib\jce.jar;C:\Program Files\Java\jdk1.8.0_241\jre\lib\charsets.jar;C:\Program Files\Java\jdk1.8.0_241\jre\lib\jfr.jar;C:\Program Files\Java\jdk1.8.0_241\jre\classes"/>
    <property name="user.script" value=""/>
    <property name="sun.management.compiler" value="HotSpot 64-Bit Tiered Compilers"/>
    <property name="java.runtime.version" value="1.8.0_241-b07"/>
    <property name="user.name" value="PC"/>
    <property name="path.separator" value=";"/>
    <property name="os.version" value="10.0"/>
    <property name="java.endorsed.dirs" value="C:\Program Files\Java\jdk1.8.0_241\jre\lib\endorsed"/>
    <property name="java.runtime.name" value="Java(TM) SE Runtime Environment"/>
    <property name="file.encoding" value="Cp1252"/>
    <property name="jnidispatch.path" value="C:\Users\PC\AppData\Local\Temp\jna-2547\jna4684293732938428325.dll"/>
    <property name="java.vm.name" value="Java HotSpot(TM) 64-Bit Server VM"/>
    <property name="localRepository" value="C:\Users\PC\.m2\repository"/>
    <property name="jna.loaded" value="true"/>
    <property name="java.vendor.url.bug" value="http://bugreport.sun.com/bugreport/"/>
    <property name="java.io.tmpdir" value="C:\Users\PC\AppData\Local\Temp\"/>
    <property name="java.version" value="1.8.0_241"/>
    <property name="user.dir" value="C:\Work\Automation\TMS\TMS"/>
    <property name="os.arch" value="amd64"/>
    <property name="java.vm.specification.name" value="Java Virtual Machine Specification"/>
    <property name="java.awt.printerjob" value="sun.awt.windows.WPrinterJob"/>
    <property name="sun.os.patch.level" value=""/>
    <property name="java.library.path" value="C:\Program Files\Java\jdk1.8.0_241\jre\bin;C:\WINDOWS\Sun\Java\bin;C:\WINDOWS\system32;C:\WINDOWS;C:/Program Files/Java/jre1.8.0_281/bin/server;C:/Program Files/Java/jre1.8.0_281/bin;C:/Program Files/Java/jre1.8.0_281/lib/amd64;C:\Program Files (x86)\Common Files\Oracle\Java\javapath;C:\Windows\system32;C:\Windows;C:\Windows\System32\Wbem;C:\Windows\System32\WindowsPowerShell\v1.0\;C:\Windows\System32\OpenSSH\;C:\Program Files (x86)\NVIDIA Corporation\PhysX\Common;C:\Program Files\Java\jdk1.8.0_241\bin;C:\Work\Tools\apache-maven-3.6.1\bin\bin;C:\Program Files (x86)\Microsoft SQL Server\150\DTS\Binn\;C:\Program Files\Azure Data Studio\bin;C:\Program Files\Microsoft SQL Server\Client SDK\ODBC\170\Tools\Binn\;C:\Program Files (x86)\Microsoft SQL Server\150\Tools\Binn\;C:\Program Files\Microsoft SQL Server\150\Tools\Binn\;C:\Program Files\Microsoft SQL Server\150\DTS\Binn\;C:\Program Files\dotnet\;C:\Program Files\Microsoft SQL Server\130\Tools\Binn\;C:\WINDOWS\system32;C:\WINDOWS;C:\WINDOWS\System32\Wbem;C:\WINDOWS\System32\WindowsPowerShell\v1.0\;C:\WINDOWS\System32\OpenSSH\;C:\Users\PC\AppData\Local\Microsoft\WindowsApps;;C:\Program Files\Azure Data Studio\bin;C:\Users\PC\.dotnet\tools;C:\MyData\Testing\IDE\eclipse_jee_oxygen_3a_win64_for_developers\eclipse-jee-oxygen-3a-win32-x86_64\eclipse;;."/>
    <property name="java.vm.info" value="mixed mode"/>
    <property name="java.vendor" value="Oracle Corporation"/>
    <property name="java.vm.version" value="25.241-b07"/>
    <property name="java.ext.dirs" value="C:\Program Files\Java\jdk1.8.0_241\jre\lib\ext;C:\WINDOWS\Sun\Java\lib\ext"/>
    <property name="sun.io.unicode.encoding" value="UnicodeLittle"/>
    <property name="java.class.version" value="52.0"/>
  </properties>
  <testcase name="feature[Register new account](1)" classname="com.tms.testRunner.TestRunner" time="34.624">
    <system-out><![CDATA[Feature: Register new account
2021-08-29 12:08:650 INFO  WaitHelper :21 - waiting for element visibilityOf..
2021-08-29 12:08:707 INFO  WaitHelper :24 - element is visible..

  Background:                                      # src/test/resources/features/MCP/Register.feature:6
    Given I am on the M2 Homepage                  # M2LoginStepDefinitions.i_am_on_the_M2_Homepage()
    When I go to M2 sign in page                   # M2LoginStepDefinitions.i_go_to_sign_in_page()
    When I click Create an account in Sign in page # M2RegistryPageStepDefinitions.i_click_Create_an_account_in_Sign_in_page()
    Then I see the Registry page displayed         # M2RegistryPageStepDefinitions.i_see_the_registry_page()
2021-08-29 12:08:781 INFO  WaitHelper :21 - waiting for element visibilityOf..
2021-08-29 12:08:814 INFO  WaitHelper :24 - element is visible..
2021-08-29 12:08:933 INFO  WaitHelper :21 - waiting for element visibilityOf..
2021-08-29 12:08:967 INFO  WaitHelper :24 - element is visible..
testUser0559@mailinator.com
2021-08-29 12:08:132 INFO  WaitHelper :21 - waiting for element visibilityOf..
2021-08-29 12:08:213 INFO  WaitHelper :24 - element is visible..
2021-08-29 12:08:718 INFO  WaitHelper :21 - waiting for element visibilityOf..
2021-08-29 12:08:774 INFO  WaitHelper :24 - element is visible..
//td[contains(text(), 'Verify your email for')]
2021-08-29 12:08:902 INFO  WaitHelper :21 - waiting for element visibilityOf..
2021-08-29 12:08:921 INFO  WaitHelper :24 - element is visible..
[error] ImagePath: find: not there: Sikuli_Objects/YourMailHasBeenVerifiedMsg.png
[error] ImagePath: find: not there: Sikuli_Objects/YourMailHasBeenVerifiedMsg.png
[log] ( Ctrl )  TYPE "w"
2021-08-29 12:08:596 INFO  WaitHelper :21 - waiting for element visibilityOf..
2021-08-29 12:08:667 INFO  WaitHelper :24 - element is visible..
2021-08-29 12:08:990 INFO  WaitHelper :21 - waiting for element visibilityOf..
2021-08-29 12:08:82 INFO  WaitHelper :24 - element is visible..
2021-08-29 12:08:228 INFO  WaitHelper :21 - waiting for element visibilityOf..
2021-08-29 12:08:259 INFO  WaitHelper :24 - element is visible..
2021-08-29 12:08:359 INFO  WaitHelper :21 - waiting for element visibilityOf..
2021-08-29 12:08:398 INFO  WaitHelper :24 - element is visible..
2021-08-29 12:08:803 INFO  WaitHelper :21 - waiting for element visibilityOf..
2021-08-29 12:08:862 INFO  WaitHelper :24 - element is visible..
//div[@class='panel header']//li[@class='greet welcome']/span[contains(text(), 'ARYQC SMNNS')]
2021-08-29 12:08:158 INFO  WaitHelper :21 - waiting for element visibilityOf..
2021-08-29 12:08:188 INFO  WaitHelper :24 - element is visible..
2021-08-29 12:08:238 INFO  WaitHelper :21 - waiting for element visibilityOf..
2021-08-29 12:08:309 INFO  WaitHelper :24 - element is visible..
2021-08-29 12:08:723 INFO  WaitHelper :21 - waiting for element visibilityOf..
2021-08-29 12:08:799 INFO  WaitHelper :24 - element is visible..
2021-08-29 12:08:183 INFO  WaitHelper :21 - waiting for element visibilityOf..
2021-08-29 12:08:256 INFO  WaitHelper :24 - element is visible..
2021-08-29 12:08:301 INFO  WaitHelper :21 - waiting for element visibilityOf..
2021-08-29 12:08:347 INFO  WaitHelper :24 - element is visible..
2021-08-29 12:08:452 INFO  ServiceHooks :43 - Registry a new account is pass

  @SmokeTest
  Scenario: Registry a new account                                                    # src/test/resources/features/MCP/Register.feature:13
    And I enter random first name and lastname                                        # M2RegistryPageStepDefinitions.i_enter_random_firtname_lastname()
    And I enter random email                                                          # M2RegistryPageStepDefinitions.i_enter_random_email()
    And I enter password and confirm password                                         # M2RegistryPageStepDefinitions.i_enter_random_password()
    And I enter orginazation Name                                                     # M2RegistryPageStepDefinitions.i_enter_random_orginazaionName()
    And I click Create an account in Registry page                                    # M2RegistryPageStepDefinitions.i_click_Create_an_account_in_Registry_page()
    Then I see a message for asking active account                                    # M2RegistryPageStepDefinitions.i_see_an_message_asking_active_account()
    When I active account in mail box by open mail subject as "Verify your email for" # M2RegistryPageStepDefinitions.i_active_account(String)
    Then I should see mail has been verified success message                          # M2RegistryPageStepDefinitions.i_should_see_verified_success_message()
    Then I can login by the registry account                                          # M2RegistryPageStepDefinitions.i_can_login_by_the_registed_account()
    And I see correct account information in my profile                               # M2RegistryPageStepDefinitions.I_see_correct_account_info_in_my_profile()
]]></system-out>
    <system-err><![CDATA[Starting ChromeDriver 91.0.4472.19 (1bf021f248676a0b2ab3ee0561d83a59e424c23e-refs/branch-heads/4472@{#288}) on port 24102
Only local connections are allowed.
Please see https://chromedriver.chromium.org/security-considerations for suggestions on keeping ChromeDriver safe.
ChromeDriver was started successfully.
[1630215796.590][WARNING]: This version of ChromeDriver has not been tested with Chrome version 92.
Aug 29, 2021 12:43:16 PM org.openqa.selenium.remote.ProtocolHandshake createSession
INFO: Detected dialect: W3C
]]></system-err>
  </testcase>
  <testcase name="feature[Login page](2)" classname="com.tms.testRunner.TestRunner" time="44.127">
    <system-out><![CDATA[Feature: Login page

  @SmokeTest
  Scenario Outline: Login with correct email and password      # src/test/resources/features/MCP/SignIn.feature:8
    When I enter email as <email>
    And I enter password for login as <password>
    And I click on Sign In
    Then I see the Home page with name displayed as <fullName>

    Examples: 
2021-08-29 12:08:289 INFO  WaitHelper :21 - waiting for element visibilityOf..
2021-08-29 12:08:346 INFO  WaitHelper :24 - element is visible..

  Background:                     # src/test/resources/features/MCP/SignIn.feature:3
    Given I am on the M2 Homepage # M2LoginStepDefinitions.i_am_on_the_M2_Homepage()
    When I go to M2 sign in page  # M2LoginStepDefinitions.i_go_to_sign_in_page()
2021-08-29 12:08:661 INFO  WaitHelper :21 - waiting for element visibilityOf..
2021-08-29 12:08:752 INFO  WaitHelper :24 - element is visible..
2021-08-29 12:08:888 INFO  WaitHelper :21 - waiting for element visibilityOf..
2021-08-29 12:08:916 INFO  WaitHelper :24 - element is visible..
2021-08-29 12:08:57 INFO  WaitHelper :21 - waiting for element visibilityOf..
2021-08-29 12:08:86 INFO  WaitHelper :24 - element is visible..
Vu Nguyen
2021-08-29 12:08:327 INFO  WaitHelper :21 - waiting for element visibilityOf..
2021-08-29 12:08:357 INFO  WaitHelper :24 - element is visible..
//div[@class='panel header']//li[@class='greet welcome']/span[contains(text(), 'Vu Nguyen')]
2021-08-29 12:08:387 INFO  ServiceHooks :43 - Login with correct email and password is pass

  @SmokeTest
  Scenario Outline: Login with correct email and password     # src/test/resources/features/MCP/SignIn.feature:17
    When I enter email as m2test2@mailinator.com              # M2LoginStepDefinitions.i_enter_email(String)
    And I enter password for login as dmvn@123                # M2LoginStepDefinitions.i_enter_password(String)
    And I click on Sign In                                    # M2LoginStepDefinitions.i_click_on_SignIn()
    Then I see the Home page with name displayed as Vu Nguyen # M2LoginStepDefinitions.I_see_logged_in_page(String)

  @SmokeTest
  Scenario Outline: Login with incorrect email or password # src/test/resources/features/MCP/SignIn.feature:21
    When I enter email as <email>
    And I enter password for login as <password>
    And I click on Sign In
    Then I see an error message as <errorMessage>

    Examples: 
2021-08-29 12:08:341 INFO  WaitHelper :21 - waiting for element visibilityOf..
2021-08-29 12:08:396 INFO  WaitHelper :24 - element is visible..

  Background:                     # src/test/resources/features/MCP/SignIn.feature:3
    Given I am on the M2 Homepage # M2LoginStepDefinitions.i_am_on_the_M2_Homepage()
    When I go to M2 sign in page  # M2LoginStepDefinitions.i_go_to_sign_in_page()
2021-08-29 12:08:712 INFO  WaitHelper :21 - waiting for element visibilityOf..
2021-08-29 12:08:802 INFO  WaitHelper :24 - element is visible..
2021-08-29 12:08:939 INFO  WaitHelper :21 - waiting for element visibilityOf..
2021-08-29 12:08:966 INFO  WaitHelper :24 - element is visible..
2021-08-29 12:08:71 INFO  WaitHelper :21 - waiting for element visibilityOf..
2021-08-29 12:08:107 INFO  WaitHelper :24 - element is visible..
2021-08-29 12:08:726 INFO  WaitHelper :21 - waiting for element visibilityOf..
2021-08-29 12:08:764 INFO  WaitHelper :24 - element is visible..
//div[@class='message-error error message']/div[contains(text(), 'EMAIL_NOT_FOUND')]
2021-08-29 12:08:796 INFO  ServiceHooks :43 - Login with incorrect email or password is pass

  @SmokeTest
  Scenario Outline: Login with incorrect email or password # src/test/resources/features/MCP/SignIn.feature:30
    When I enter email as nonExistEmail@gmail.com          # M2LoginStepDefinitions.i_enter_email(String)
    And I enter password for login as dmvn@123             # M2LoginStepDefinitions.i_enter_password(String)
    And I click on Sign In                                 # M2LoginStepDefinitions.i_click_on_SignIn()
    Then I see an error message as EMAIL_NOT_FOUND         # M2LoginStepDefinitions.i_see_Error_message(String)
2021-08-29 12:08:542 INFO  WaitHelper :21 - waiting for element visibilityOf..
2021-08-29 12:08:583 INFO  WaitHelper :24 - element is visible..

  Background:                     # src/test/resources/features/MCP/SignIn.feature:3
    Given I am on the M2 Homepage # M2LoginStepDefinitions.i_am_on_the_M2_Homepage()
    When I go to M2 sign in page  # M2LoginStepDefinitions.i_go_to_sign_in_page()
2021-08-29 12:08:881 INFO  WaitHelper :21 - waiting for element visibilityOf..
2021-08-29 12:08:962 INFO  WaitHelper :24 - element is visible..
2021-08-29 12:08:145 INFO  WaitHelper :21 - waiting for element visibilityOf..
2021-08-29 12:08:184 INFO  WaitHelper :24 - element is visible..
2021-08-29 12:08:289 INFO  WaitHelper :21 - waiting for element visibilityOf..
2021-08-29 12:08:323 INFO  WaitHelper :24 - element is visible..
2021-08-29 12:08:30 INFO  WaitHelper :21 - waiting for element visibilityOf..
2021-08-29 12:08:69 INFO  WaitHelper :24 - element is visible..
//div[@class='message-error error message']/div[contains(text(), 'INVALID_PASSWORD')]
2021-08-29 12:08:99 INFO  ServiceHooks :43 - Login with incorrect email or password is pass

  @SmokeTest
  Scenario Outline: Login with incorrect email or password # src/test/resources/features/MCP/SignIn.feature:31
    When I enter email as m2test2@mailinator.com           # M2LoginStepDefinitions.i_enter_email(String)
    And I enter password for login as incorrectPass        # M2LoginStepDefinitions.i_enter_password(String)
    And I click on Sign In                                 # M2LoginStepDefinitions.i_click_on_SignIn()
    Then I see an error message as INVALID_PASSWORD        # M2LoginStepDefinitions.i_see_Error_message(String)

  @SmokeTest
  Scenario Outline: Sign out                                   # src/test/resources/features/MCP/SignIn.feature:35
    When I enter email as <email>
    And I enter password for login as <password>
    And I click on Sign In
    Then I see the Home page with name displayed as <fullName>
    When I click on Sign out
    Then I see signed-out page
    And I see home page after 5s

    Examples: 
2021-08-29 12:08:03 INFO  WaitHelper :21 - waiting for element visibilityOf..
2021-08-29 12:08:44 INFO  WaitHelper :24 - element is visible..

  Background:                     # src/test/resources/features/MCP/SignIn.feature:3
    Given I am on the M2 Homepage # M2LoginStepDefinitions.i_am_on_the_M2_Homepage()
    When I go to M2 sign in page  # M2LoginStepDefinitions.i_go_to_sign_in_page()
2021-08-29 12:08:358 INFO  WaitHelper :21 - waiting for element visibilityOf..
2021-08-29 12:08:445 INFO  WaitHelper :24 - element is visible..
2021-08-29 12:08:577 INFO  WaitHelper :21 - waiting for element visibilityOf..
2021-08-29 12:08:615 INFO  WaitHelper :24 - element is visible..
2021-08-29 12:08:737 INFO  WaitHelper :21 - waiting for element visibilityOf..
2021-08-29 12:08:773 INFO  WaitHelper :24 - element is visible..
Vu Nguyen
2021-08-29 12:08:628 INFO  WaitHelper :21 - waiting for element visibilityOf..
2021-08-29 12:08:658 INFO  WaitHelper :24 - element is visible..
//div[@class='panel header']//li[@class='greet welcome']/span[contains(text(), 'Vu Nguyen')]
2021-08-29 12:08:738 INFO  WaitHelper :21 - waiting for element visibilityOf..
2021-08-29 12:08:766 INFO  WaitHelper :24 - element is visible..
2021-08-29 12:08:240 INFO  WaitHelper :21 - waiting for element visibilityOf..
2021-08-29 12:08:312 INFO  WaitHelper :24 - element is visible..
2021-08-29 12:08:422 INFO  ServiceHooks :43 - Sign out is pass

  @SmokeTest
  Scenario Outline: Sign out                                  # src/test/resources/features/MCP/SignIn.feature:47
    When I enter email as m2test2@mailinator.com              # M2LoginStepDefinitions.i_enter_email(String)
    And I enter password for login as dmvn@123                # M2LoginStepDefinitions.i_enter_password(String)
    And I click on Sign In                                    # M2LoginStepDefinitions.i_click_on_SignIn()
    Then I see the Home page with name displayed as Vu Nguyen # M2LoginStepDefinitions.I_see_logged_in_page(String)
    When I click on Sign out                                  # M2LoginStepDefinitions.i_click_on_SignOut()
    Then I see signed-out page                                # M2LoginStepDefinitions.I_see_signed_out_page()
    And I see home page after 5s                              # M2LoginStepDefinitions.i_see_homepage_after_5s()
]]></system-out>
    <system-err><![CDATA[Starting ChromeDriver 91.0.4472.19 (1bf021f248676a0b2ab3ee0561d83a59e424c23e-refs/branch-heads/4472@{#288}) on port 6455
Only local connections are allowed.
Please see https://chromedriver.chromium.org/security-considerations for suggestions on keeping ChromeDriver safe.
ChromeDriver was started successfully.
[1630215830.356][WARNING]: This version of ChromeDriver has not been tested with Chrome version 92.
Aug 29, 2021 12:43:50 PM org.openqa.selenium.remote.ProtocolHandshake createSession
INFO: Detected dialect: W3C
Starting ChromeDriver 91.0.4472.19 (1bf021f248676a0b2ab3ee0561d83a59e424c23e-refs/branch-heads/4472@{#288}) on port 19951
Only local connections are allowed.
Please see https://chromedriver.chromium.org/security-considerations for suggestions on keeping ChromeDriver safe.
ChromeDriver was started successfully.
[1630215841.437][WARNING]: This version of ChromeDriver has not been tested with Chrome version 92.
Aug 29, 2021 12:44:01 PM org.openqa.selenium.remote.ProtocolHandshake createSession
INFO: Detected dialect: W3C
Starting ChromeDriver 91.0.4472.19 (1bf021f248676a0b2ab3ee0561d83a59e424c23e-refs/branch-heads/4472@{#288}) on port 25068
Only local connections are allowed.
Please see https://chromedriver.chromium.org/security-considerations for suggestions on keeping ChromeDriver safe.
ChromeDriver was started successfully.
[1630215848.709][WARNING]: This version of ChromeDriver has not been tested with Chrome version 92.
Aug 29, 2021 12:44:08 PM org.openqa.selenium.remote.ProtocolHandshake createSession
INFO: Detected dialect: W3C
Starting ChromeDriver 91.0.4472.19 (1bf021f248676a0b2ab3ee0561d83a59e424c23e-refs/branch-heads/4472@{#288}) on port 3654
Only local connections are allowed.
Please see https://chromedriver.chromium.org/security-considerations for suggestions on keeping ChromeDriver safe.
ChromeDriver was started successfully.
[1630215856.033][WARNING]: This version of ChromeDriver has not been tested with Chrome version 92.
Aug 29, 2021 12:44:16 PM org.openqa.selenium.remote.ProtocolHandshake createSession
INFO: Detected dialect: W3C
]]></system-err>
  </testcase>
  <testcase name="feature[Update Email server information](3)" classname="com.tms.testRunner.TestRunner" time="28.806">
    <failure message="java.lang.AssertionError: expected [true] but found [false]" type="cucumber.runtime.CucumberException"><![CDATA[cucumber.runtime.CucumberException: java.lang.AssertionError: expected [true] but found [false]
	at com.tms.testRunner.TestRunner.feature(TestRunner.java:38)
Caused by: java.lang.AssertionError: expected [true] but found [false]
]]></failure>
    <system-out><![CDATA[Feature: Update Email server information

  @RegressionTest
  Scenario Outline: Fill the mail server infomation and check connection with message as <messageContent> # src/test/resources/features/Settings/emailSetup.feature:11
    When I enter host as <hostname>
    And I enter email password as "Tms_test@123"
    And I enter port as "587"
    And I enter SSL Trust as "mail.davnos.com"
    And I enter user as "tms_test@davnos.com"
    When I click Save
    Then I should see success saving popup having text as "System has been updated successfully."
    When I click on Check Connection button
    Then I should see a popup having text as <messageContent>

    Examples: 
2021-08-29 12:08:61 INFO  WaitHelper :21 - waiting for element visibilityOf..
2021-08-29 12:08:98 INFO  WaitHelper :24 - element is visible..
2021-08-29 12:08:153 INFO  WaitHelper :21 - waiting for element visibilityOf..
2021-08-29 12:08:734 INFO  WaitHelper :24 - element is visible..

  Background:                              # src/test/resources/features/Settings/emailSetup.feature:4
    Given I am on the Settings page of TMS # SettingsPageStepDefinitions.i_am_on_the_Setting_page()
    When I go to the system page           # SettingsPageStepDefinitions.i_go_to_the_system_page()
    Then I see the system page             # SettingsPageStepDefinitions.i_see_the_system_page()
2021-08-29 12:08:811 INFO  WaitHelper :21 - waiting for element visibilityOf..
2021-08-29 12:08:839 INFO  WaitHelper :24 - element is visible..
2021-08-29 12:08:42 INFO  WaitHelper :21 - waiting for element visibilityOf..
2021-08-29 12:08:80 INFO  WaitHelper :24 - element is visible..
2021-08-29 12:08:156 INFO  WaitHelper :21 - waiting for element visibilityOf..
2021-08-29 12:08:188 INFO  WaitHelper :24 - element is visible..
2021-08-29 12:08:293 INFO  WaitHelper :21 - waiting for element visibilityOf..
2021-08-29 12:08:326 INFO  WaitHelper :24 - element is visible..
2021-08-29 12:08:832 INFO  WaitHelper :21 - waiting for element visibilityOf..
2021-08-29 12:08:871 INFO  WaitHelper :24 - element is visible..
//div[contains(@class,'snotify snotify-rightBottom')]/ng-snotify-toast/div/div[2]/div[@class='snotifyToast__body' and contains(text(),'System has been updated successfully.')]
Message Value= Unable to connect this Mail server2021-08-29 12:08:709 INFO  WaitHelper :21 - waiting for element visibilityOf..
2021-08-29 12:08:747 INFO  WaitHelper :24 - element is visible..
//div[contains(@class,'snotify snotify-rightBottom')]/ng-snotify-toast/div/div[2]/div[@class='snotifyToast__body' and contains(text(),'Unable to connect this Mail server')]
2021-08-29 12:08:779 INFO  ServiceHooks :43 - Fill the mail server infomation and check connection with message as Unable to connect this Mail server is pass

  @RegressionTest
  Scenario Outline: Fill the mail server infomation and check connection with message as Unable to connect this Mail server # src/test/resources/features/Settings/emailSetup.feature:25
    When I enter host as mail.davnos.commm                                                                                  # SettingsPageStepDefinitions.i_enter_host(String)
    And I enter email password as "Tms_test@123"                                                                            # SettingsPageStepDefinitions.i_enter_password(String)
    And I enter port as "587"                                                                                               # SettingsPageStepDefinitions.i_enter_port(String)
    And I enter SSL Trust as "mail.davnos.com"                                                                              # SettingsPageStepDefinitions.i_enter_SSLTrust(String)
    And I enter user as "tms_test@davnos.com"                                                                               # SettingsPageStepDefinitions.i_enter_user(String)
    When I click Save                                                                                                       # SettingsPageStepDefinitions.i_click_Save()
    Then I should see success saving popup having text as "System has been updated successfully."                           # SettingsPageStepDefinitions.Success_message_display_with_fixed_msg(String)
    When I click on Check Connection button                                                                                 # SettingsPageStepDefinitions.i_click_on_Check_Connection_button()
    Then I should see a popup having text as Unable to connect this Mail server                                             # SettingsPageStepDefinitions.Success_message_display(String)
2021-08-29 12:08:235 INFO  WaitHelper :21 - waiting for element visibilityOf..
2021-08-29 12:08:279 INFO  WaitHelper :24 - element is visible..
2021-08-29 12:08:327 INFO  WaitHelper :21 - waiting for element visibilityOf..
2021-08-29 12:08:905 INFO  WaitHelper :24 - element is visible..

  Background:                              # src/test/resources/features/Settings/emailSetup.feature:4
    Given I am on the Settings page of TMS # SettingsPageStepDefinitions.i_am_on_the_Setting_page()
    When I go to the system page           # SettingsPageStepDefinitions.i_go_to_the_system_page()
    Then I see the system page             # SettingsPageStepDefinitions.i_see_the_system_page()
2021-08-29 12:08:998 INFO  WaitHelper :21 - waiting for element visibilityOf..
2021-08-29 12:08:25 INFO  WaitHelper :24 - element is visible..
2021-08-29 12:08:244 INFO  WaitHelper :21 - waiting for element visibilityOf..
2021-08-29 12:08:283 INFO  WaitHelper :24 - element is visible..
2021-08-29 12:08:360 INFO  WaitHelper :21 - waiting for element visibilityOf..
2021-08-29 12:08:390 INFO  WaitHelper :24 - element is visible..
2021-08-29 12:08:493 INFO  WaitHelper :21 - waiting for element visibilityOf..
2021-08-29 12:08:530 INFO  WaitHelper :24 - element is visible..
2021-08-29 12:08:46 INFO  WaitHelper :21 - waiting for element visibilityOf..
2021-08-29 12:08:83 INFO  WaitHelper :24 - element is visible..
//div[contains(@class,'snotify snotify-rightBottom')]/ng-snotify-toast/div/div[2]/div[@class='snotifyToast__body' and contains(text(),'System has been updated successfully.')]
Message Value= Mail server has been NOT connected successfully.2021-08-29 12:08:386 INFO  WaitHelper :21 - waiting for element visibilityOf..
2021-08-29 12:08:425 INFO  WaitHelper :24 - element is visible..
//div[contains(@class,'snotify snotify-rightBottom')]/ng-snotify-toast/div/div[2]/div[@class='snotifyToast__body' and contains(text(),'Mail server has been NOT connected successfully.')]
2021-08-29 12:08:443 INFO  ServiceHooks :34 - Fill the mail server infomation and check connection with message as Mail server has been NOT connected successfully. is Failed

  @RegressionTest
  Scenario Outline: Fill the mail server infomation and check connection with message as Mail server has been NOT connected successfully. # src/test/resources/features/Settings/emailSetup.feature:26
    When I enter host as mail.davnos.com                                                                                                  # SettingsPageStepDefinitions.i_enter_host(String)
    And I enter email password as "Tms_test@123"                                                                                          # SettingsPageStepDefinitions.i_enter_password(String)
    And I enter port as "587"                                                                                                             # SettingsPageStepDefinitions.i_enter_port(String)
    And I enter SSL Trust as "mail.davnos.com"                                                                                            # SettingsPageStepDefinitions.i_enter_SSLTrust(String)
    And I enter user as "tms_test@davnos.com"                                                                                             # SettingsPageStepDefinitions.i_enter_user(String)
    When I click Save                                                                                                                     # SettingsPageStepDefinitions.i_click_Save()
    Then I should see success saving popup having text as "System has been updated successfully."                                         # SettingsPageStepDefinitions.Success_message_display_with_fixed_msg(String)
    When I click on Check Connection button                                                                                               # SettingsPageStepDefinitions.i_click_on_Check_Connection_button()
    Then I should see a popup having text as Mail server has been NOT connected successfully.                                             # SettingsPageStepDefinitions.Success_message_display(String)
      java.lang.AssertionError: expected [true] but found [false]
      	at org.testng.Assert.fail(Assert.java:94)
      	at org.testng.Assert.failNotEquals(Assert.java:513)
      	at org.testng.Assert.assertTrue(Assert.java:42)
      	at org.testng.Assert.assertTrue(Assert.java:52)
      	at com.tms.stepdefinitions.SettingsPageStepDefinitions.Success_message_display(SettingsPageStepDefinitions.java:106)
      	at ?.Then I should see a popup having text as Mail server has been NOT connected successfully.(src/test/resources/features/Settings/emailSetup.feature:21)

]]></system-out>
    <system-err><![CDATA[Starting ChromeDriver 91.0.4472.19 (1bf021f248676a0b2ab3ee0561d83a59e424c23e-refs/branch-heads/4472@{#288}) on port 41295
Only local connections are allowed.
Please see https://chromedriver.chromium.org/security-considerations for suggestions on keeping ChromeDriver safe.
ChromeDriver was started successfully.
[1630215874.489][WARNING]: This version of ChromeDriver has not been tested with Chrome version 92.
Aug 29, 2021 12:44:34 PM org.openqa.selenium.remote.ProtocolHandshake createSession
INFO: Detected dialect: W3C
Starting ChromeDriver 91.0.4472.19 (1bf021f248676a0b2ab3ee0561d83a59e424c23e-refs/branch-heads/4472@{#288}) on port 47853
Only local connections are allowed.
Please see https://chromedriver.chromium.org/security-considerations for suggestions on keeping ChromeDriver safe.
ChromeDriver was started successfully.
[1630215889.572][WARNING]: This version of ChromeDriver has not been tested with Chrome version 92.
Aug 29, 2021 12:44:49 PM org.openqa.selenium.remote.ProtocolHandshake createSession
INFO: Detected dialect: W3C
]]></system-err>
  </testcase>
</testsuite>